     1>d:\Programs\Microsoft Visual Studio\2022\Community\MSBuild\Microsoft\VC\v170\Microsoft.CppCommon.targets(166,5): error MSB3073: выход из команды "setlocal [D:\.dima\misis2023f-23-check\misis2023f-23-00-polevoi-d-v\build.check\RUN_TESTS.vcxproj]
d:\Programs\Microsoft Visual Studio\2022\Community\MSBuild\Microsoft\VC\v170\Microsoft.CppCommon.targets(166,5): error MSB3073: "C:\Program Files\CMake\bin\ctest.exe" --force-new-ctest-process -C Release [D:\.dima\misis2023f-23-check\misis2023f-23-00-polevoi-d-v\build.check\RUN_TESTS.vcxproj]
d:\Programs\Microsoft Visual Studio\2022\Community\MSBuild\Microsoft\VC\v170\Microsoft.CppCommon.targets(166,5): error MSB3073: if %errorlevel% neq 0 goto :cmEnd [D:\.dima\misis2023f-23-check\misis2023f-23-00-polevoi-d-v\build.check\RUN_TESTS.vcxproj]
d:\Programs\Microsoft Visual Studio\2022\Community\MSBuild\Microsoft\VC\v170\Microsoft.CppCommon.targets(166,5): error MSB3073: :cmEnd [D:\.dima\misis2023f-23-check\misis2023f-23-00-polevoi-d-v\build.check\RUN_TESTS.vcxproj]
d:\Programs\Microsoft Visual Studio\2022\Community\MSBuild\Microsoft\VC\v170\Microsoft.CppCommon.targets(166,5): error MSB3073: endlocal & call :cmErrorLevel %errorlevel% & goto :cmDone [D:\.dima\misis2023f-23-check\misis2023f-23-00-polevoi-d-v\build.check\RUN_TESTS.vcxproj]
d:\Programs\Microsoft Visual Studio\2022\Community\MSBuild\Microsoft\VC\v170\Microsoft.CppCommon.targets(166,5): error MSB3073: :cmErrorLevel [D:\.dima\misis2023f-23-check\misis2023f-23-00-polevoi-d-v\build.check\RUN_TESTS.vcxproj]
d:\Programs\Microsoft Visual Studio\2022\Community\MSBuild\Microsoft\VC\v170\Microsoft.CppCommon.targets(166,5): error MSB3073: exit /b %1 [D:\.dima\misis2023f-23-check\misis2023f-23-00-polevoi-d-v\build.check\RUN_TESTS.vcxproj]
d:\Programs\Microsoft Visual Studio\2022\Community\MSBuild\Microsoft\VC\v170\Microsoft.CppCommon.targets(166,5): error MSB3073: :cmDone [D:\.dima\misis2023f-23-check\misis2023f-23-00-polevoi-d-v\build.check\RUN_TESTS.vcxproj]
d:\Programs\Microsoft Visual Studio\2022\Community\MSBuild\Microsoft\VC\v170\Microsoft.CppCommon.targets(166,5): error MSB3073: if %errorlevel% neq 0 goto :VCEnd [D:\.dima\misis2023f-23-check\misis2023f-23-00-polevoi-d-v\build.check\RUN_TESTS.vcxproj]
d:\Programs\Microsoft Visual Studio\2022\Community\MSBuild\Microsoft\VC\v170\Microsoft.CppCommon.targets(166,5): error MSB3073: :VCEnd" с кодом 8. [D:\.dima\misis2023f-23-check\misis2023f-23-00-polevoi-d-v\build.check\RUN_TESTS.vcxproj]
